<?xml version="1.0"?>
<!DOCTYPE coverage SYSTEM "http://cobertura.sourceforge.net/xml/coverage-04.dtd">

<coverage line-rate="0.726027397260274" branch-rate="0.6568627450980392" lines-covered="371" lines-valid="511" branches-covered="134" branches-valid="204" complexity="1.6377952755905512" version="2.1.1" timestamp="1526660927317">
	<sources>
		<source>C:/SoftLabs/CinePlus/BSPQ18-S1/ProyectoCinePlus/src/main/java</source>
		<source>--source</source>
		<source>C:/SoftLabs/CinePlus/BSPQ18-S1/ProyectoCinePlus/target/generated-sources/annotations</source>
	</sources>
	<packages>
		<package name="es.deusto.spq.ProyectoCinePlus.cliente.util.Conectividad" line-rate="0.45454545454545453" branch-rate="0.0" complexity="1.25">
			<classes>
				<class name="es.deusto.spq.ProyectoCinePlus.cliente.util.Conectividad.CinePlusController" filename="es/deusto/spq/ProyectoCinePlus/cliente/util/Conectividad/CinePlusController.java" line-rate="0.4074074074074074" branch-rate="0.0" complexity="1.2307692307692308">
					<methods>
						<method name="Alquilar" signature="(Les/deusto/spq/ProyectoCinePlus/servidor/DATA/PelisPerfil;)Z" line-rate="1.0" branch-rate="1.0" complexity="0">
							<lines>
								<line number="113" hits="3" branch="false"/>
							</lines>
						</method>
						<method name="Busqueda" signature="(Ljava/lang/String;Ljava/lang/String;Ljava/lang/String;)Ljava/util/List;" line-rate="1.0" branch-rate="1.0" complexity="0">
							<lines>
								<line number="128" hits="3" branch="false"/>
							</lines>
						</method>
						<method name="DevolverUsuario" signature="(Ljava/lang/String;)Les/deusto/spq/ProyectoCinePlus/servidor/DATA/Usuario;" line-rate="1.0" branch-rate="1.0" complexity="0">
							<lines>
								<line number="152" hits="6" branch="false"/>
							</lines>
						</method>
						<method name="LoginUsuario" signature="(Ljava/lang/String;Ljava/lang/String;)Z" line-rate="1.0" branch-rate="1.0" complexity="0">
							<lines>
								<line number="82" hits="9" branch="false"/>
							</lines>
						</method>
						<method name="ObtenerAnyo" signature="()Ljava/util/List;" line-rate="1.0" branch-rate="1.0" complexity="0">
							<lines>
								<line number="91" hits="3" branch="false"/>
							</lines>
						</method>
						<method name="ObtenerGenero" signature="()Ljava/util/List;" line-rate="1.0" branch-rate="1.0" complexity="0">
							<lines>
								<line number="100" hits="3" branch="false"/>
							</lines>
						</method>
						<method name="RegistrarUsuario" signature="(Ljava/lang/String;Ljava/lang/String;Ljava/lang/String;Ljava/lang/String;Ljava/lang/String;Ljava/lang/String;FZ)Z" line-rate="1.0" branch-rate="1.0" complexity="0">
							<lines>
								<line number="71" hits="3" branch="false"/>
							</lines>
						</method>
						<method name="RegistrarUsuario" signature="(Ljava/lang/String;Ljava/lang/String;Ljava/lang/String;Ljava/lang/String;Ljava/lang/String;Ljava/lang/String;Z)Z" line-rate="1.0" branch-rate="1.0" complexity="0">
							<lines>
								<line number="53" hits="3" branch="false"/>
							</lines>
						</method>
						<method name="actualizarUsuario" signature="(Les/deusto/spq/ProyectoCinePlus/servidor/DATA/Usuario;)V" line-rate="0.0" branch-rate="1.0" complexity="0">
							<lines>
								<line number="164" hits="0" branch="false"/>
								<line number="165" hits="0" branch="false"/>
							</lines>
						</method>
						<method name="eliminarUsuario" signature="(Les/deusto/spq/ProyectoCinePlus/servidor/DATA/Usuario;)V" line-rate="1.0" branch-rate="1.0" complexity="0">
							<lines>
								<line number="175" hits="6" branch="false"/>
								<line number="176" hits="6" branch="false"/>
							</lines>
						</method>
						<method name="getPeliUsuario" signature="(Ljava/lang/String;)Ljava/util/List;" line-rate="1.0" branch-rate="1.0" complexity="0">
							<lines>
								<line number="140" hits="6" branch="false"/>
							</lines>
						</method>
						<method name="main" signature="([Ljava/lang/String;)V" line-rate="0.0" branch-rate="0.0" complexity="0">
							<lines>
								<line number="185" hits="0" branch="true" condition-coverage="0% (0/2)">
									<conditions>
										<condition number="0" type="jump" coverage="0%"/>
									</conditions>
								</line>
								<line number="186" hits="0" branch="false"/>
								<line number="187" hits="0" branch="false"/>
								<line number="189" hits="0" branch="true" condition-coverage="0% (0/2)">
									<conditions>
										<condition number="0" type="jump" coverage="0%"/>
									</conditions>
								</line>
								<line number="190" hits="0" branch="false"/>
								<line number="193" hits="0" branch="false"/>
								<line number="194" hits="0" branch="false"/>
								<line number="195" hits="0" branch="false"/>
								<line number="196" hits="0" branch="false"/>
								<line number="197" hits="0" branch="false"/>
								<line number="198" hits="0" branch="false"/>
								<line number="199" hits="0" branch="false"/>
								<line number="200" hits="0" branch="false"/>
								<line number="202" hits="0" branch="false"/>
							</lines>
						</method>
					</methods>
					<lines>
						<line number="53" hits="3" branch="false"/>
						<line number="71" hits="3" branch="false"/>
						<line number="82" hits="9" branch="false"/>
						<line number="91" hits="3" branch="false"/>
						<line number="100" hits="3" branch="false"/>
						<line number="113" hits="3" branch="false"/>
						<line number="128" hits="3" branch="false"/>
						<line number="140" hits="6" branch="false"/>
						<line number="152" hits="6" branch="false"/>
						<line number="164" hits="0" branch="false"/>
						<line number="165" hits="0" branch="false"/>
						<line number="175" hits="6" branch="false"/>
						<line number="176" hits="6" branch="false"/>
						<line number="185" hits="0" branch="true" condition-coverage="0% (0/2)">
							<conditions>
								<condition number="0" type="jump" coverage="0%"/>
							</conditions>
						</line>
						<line number="186" hits="0" branch="false"/>
						<line number="187" hits="0" branch="false"/>
						<line number="189" hits="0" branch="true" condition-coverage="0% (0/2)">
							<conditions>
								<condition number="0" type="jump" coverage="0%"/>
							</conditions>
						</line>
						<line number="190" hits="0" branch="false"/>
						<line number="193" hits="0" branch="false"/>
						<line number="194" hits="0" branch="false"/>
						<line number="195" hits="0" branch="false"/>
						<line number="196" hits="0" branch="false"/>
						<line number="197" hits="0" branch="false"/>
						<line number="198" hits="0" branch="false"/>
						<line number="199" hits="0" branch="false"/>
						<line number="200" hits="0" branch="false"/>
						<line number="202" hits="0" branch="false"/>
					</lines>
				</class>
				<class name="es.deusto.spq.ProyectoCinePlus.cliente.util.Conectividad.RMIServiceLocator" filename="es/deusto/spq/ProyectoCinePlus/cliente/util/Conectividad/RMIServiceLocator.java" line-rate="0.6666666666666666" branch-rate="1.0" complexity="1.3333333333333333">
					<methods>
						<method name="setService" signature="([Ljava/lang/String;)V" line-rate="0.6666666666666666" branch-rate="1.0" complexity="0">
							<lines>
								<line number="40" hits="27" branch="false"/>
								<line number="41" hits="27" branch="false"/>
								<line number="43" hits="0" branch="false"/>
								<line number="44" hits="0" branch="false"/>
								<line number="45" hits="27" branch="false"/>
								<line number="46" hits="27" branch="false"/>
							</lines>
						</method>
					</methods>
					<lines>
						<line number="40" hits="27" branch="false"/>
						<line number="41" hits="27" branch="false"/>
						<line number="43" hits="0" branch="false"/>
						<line number="44" hits="0" branch="false"/>
						<line number="45" hits="27" branch="false"/>
						<line number="46" hits="27" branch="false"/>
					</lines>
				</class>
			</classes>
		</package>
		<package name="es.deusto.spq.ProyectoCinePlus.servidor.Conectividad" line-rate="0.9361702127659575" branch-rate="0.8888888888888888" complexity="1.236842105263158">
			<classes>
				<class name="es.deusto.spq.ProyectoCinePlus.servidor.Conectividad.CinePlusFacade" filename="es/deusto/spq/ProyectoCinePlus/servidor/Conectividad/CinePlusFacade.java" line-rate="0.8235294117647058" branch-rate="1.0" complexity="1.0">
					<methods>
						<method name="&lt;init&gt;" signature="()V" line-rate="1.0" branch-rate="1.0" complexity="0">
							<lines>
								<line number="40" hits="3" branch="false"/>
								<line number="41" hits="3" branch="false"/>
								<line number="42" hits="3" branch="false"/>
							</lines>
						</method>
						<method name="Alquilar" signature="(Les/deusto/spq/ProyectoCinePlus/servidor/DATA/PelisPerfil;)Z" line-rate="1.0" branch-rate="1.0" complexity="0">
							<lines>
								<line number="131" hits="3" branch="false"/>
							</lines>
						</method>
						<method name="Anyos" signature="()Ljava/util/List;" line-rate="1.0" branch-rate="1.0" complexity="0">
							<lines>
								<line number="120" hits="3" branch="false"/>
							</lines>
						</method>
						<method name="Busqueda" signature="(Ljava/lang/String;Ljava/lang/String;Ljava/lang/String;)Ljava/util/List;" line-rate="1.0" branch-rate="1.0" complexity="0">
							<lines>
								<line number="101" hits="3" branch="false"/>
							</lines>
						</method>
						<method name="Generos" signature="()Ljava/util/List;" line-rate="1.0" branch-rate="1.0" complexity="0">
							<lines>
								<line number="139" hits="3" branch="false"/>
							</lines>
						</method>
						<method name="actualizarUsuario" signature="(Les/deusto/spq/ProyectoCinePlus/servidor/DATA/Usuario;)V" line-rate="0.0" branch-rate="1.0" complexity="0">
							<lines>
								<line number="162" hits="0" branch="false"/>
								<line number="163" hits="0" branch="false"/>
							</lines>
						</method>
						<method name="checkUsuario" signature="(Les/deusto/spq/ProyectoCinePlus/servidor/DATA/Usuario;)Z" line-rate="0.0" branch-rate="1.0" complexity="0">
							<lines>
								<line number="184" hits="0" branch="false"/>
							</lines>
						</method>
						<method name="devuelveUsuario" signature="(Ljava/lang/String;)Les/deusto/spq/ProyectoCinePlus/servidor/DATA/Usuario;" line-rate="1.0" branch-rate="1.0" complexity="0">
							<lines>
								<line number="151" hits="6" branch="false"/>
							</lines>
						</method>
						<method name="eliminarUsuario" signature="(Les/deusto/spq/ProyectoCinePlus/servidor/DATA/Usuario;)V" line-rate="1.0" branch-rate="1.0" complexity="0">
							<lines>
								<line number="173" hits="6" branch="false"/>
								<line number="174" hits="6" branch="false"/>
							</lines>
						</method>
						<method name="getPeliUsuario" signature="(Ljava/lang/String;)Ljava/util/List;" line-rate="1.0" branch-rate="1.0" complexity="0">
							<lines>
								<line number="112" hits="6" branch="false"/>
							</lines>
						</method>
						<method name="registrarUsuario" signature="(Ljava/lang/String;Ljava/lang/String;Ljava/lang/String;Ljava/lang/String;Ljava/lang/String;Ljava/lang/String;FZ)Z" line-rate="1.0" branch-rate="1.0" complexity="0">
							<lines>
								<line number="76" hits="3" branch="false"/>
							</lines>
						</method>
						<method name="registrarUsuario" signature="(Ljava/lang/String;Ljava/lang/String;Ljava/lang/String;Ljava/lang/String;Ljava/lang/String;Ljava/lang/String;Z)Z" line-rate="1.0" branch-rate="1.0" complexity="0">
							<lines>
								<line number="58" hits="3" branch="false"/>
							</lines>
						</method>
						<method name="usuarioRegistrado" signature="(Ljava/lang/String;Ljava/lang/String;)Z" line-rate="1.0" branch-rate="1.0" complexity="0">
							<lines>
								<line number="88" hits="9" branch="false"/>
							</lines>
						</method>
					</methods>
					<lines>
						<line number="40" hits="3" branch="false"/>
						<line number="41" hits="3" branch="false"/>
						<line number="42" hits="3" branch="false"/>
						<line number="58" hits="3" branch="false"/>
						<line number="76" hits="3" branch="false"/>
						<line number="88" hits="9" branch="false"/>
						<line number="101" hits="3" branch="false"/>
						<line number="112" hits="6" branch="false"/>
						<line number="120" hits="3" branch="false"/>
						<line number="131" hits="3" branch="false"/>
						<line number="139" hits="3" branch="false"/>
						<line number="151" hits="6" branch="false"/>
						<line number="162" hits="0" branch="false"/>
						<line number="163" hits="0" branch="false"/>
						<line number="173" hits="6" branch="false"/>
						<line number="174" hits="6" branch="false"/>
						<line number="184" hits="0" branch="false"/>
					</lines>
				</class>
				<class name="es.deusto.spq.ProyectoCinePlus.servidor.Conectividad.CinePlusServer" filename="es/deusto/spq/ProyectoCinePlus/servidor/Conectividad/CinePlusServer.java" line-rate="0.961038961038961" branch-rate="0.8888888888888888" complexity="1.6923076923076923">
					<methods>
						<method name="&lt;clinit&gt;" signature="()V" line-rate="1.0" branch-rate="1.0" complexity="0">
							<lines>
								<line number="39" hits="3" branch="false"/>
								<line number="41" hits="3" branch="false"/>
							</lines>
						</method>
						<method name="&lt;init&gt;" signature="()V" line-rate="1.0" branch-rate="1.0" complexity="0">
							<lines>
								<line number="49" hits="3" branch="false"/>
								<line number="51" hits="3" branch="false"/>
								<line number="52" hits="3" branch="false"/>
								<line number="53" hits="3" branch="false"/>
								<line number="55" hits="3" branch="false"/>
								<line number="56" hits="3" branch="false"/>
								<line number="57" hits="3" branch="false"/>
								<line number="58" hits="3" branch="false"/>
								<line number="59" hits="3" branch="false"/>
								<line number="60" hits="3" branch="false"/>
								<line number="61" hits="3" branch="false"/>
								<line number="62" hits="3" branch="false"/>
								<line number="64" hits="3" branch="false"/>
								<line number="65" hits="3" branch="false"/>
								<line number="66" hits="3" branch="false"/>
								<line number="67" hits="3" branch="false"/>
								<line number="68" hits="3" branch="false"/>
								<line number="69" hits="3" branch="false"/>
								<line number="70" hits="3" branch="false"/>
								<line number="72" hits="3" branch="false"/>
								<line number="73" hits="3" branch="false"/>
								<line number="76" hits="3" branch="false"/>
								<line number="77" hits="3" branch="false"/>
								<line number="78" hits="3" branch="false"/>
								<line number="79" hits="3" branch="false"/>
								<line number="80" hits="3" branch="false"/>
								<line number="85" hits="3" branch="false"/>
								<line number="87" hits="3" branch="false"/>
								<line number="88" hits="3" branch="false"/>
								<line number="90" hits="3" branch="false"/>
							</lines>
						</method>
						<method name="Alquilar" signature="(Les/deusto/spq/ProyectoCinePlus/servidor/DATA/PelisPerfil;)Z" line-rate="1.0" branch-rate="1.0" complexity="0">
							<lines>
								<line number="154" hits="3" branch="false"/>
							</lines>
						</method>
						<method name="Anyos" signature="()Ljava/util/List;" line-rate="1.0" branch-rate="1.0" complexity="0">
							<lines>
								<line number="245" hits="3" branch="false"/>
							</lines>
						</method>
						<method name="Busqueda" signature="(Ljava/lang/String;Ljava/lang/String;Ljava/lang/String;)Ljava/util/List;" line-rate="1.0" branch-rate="0.75" complexity="0">
							<lines>
								<line number="200" hits="3" branch="false"/>
								<line number="202" hits="3" branch="false"/>
								<line number="203" hits="3" branch="false"/>
								<line number="204" hits="3" branch="false"/>
								<line number="205" hits="3" branch="false"/>
								<line number="206" hits="3" branch="false"/>
								<line number="207" hits="3" branch="false"/>
								<line number="208" hits="27" branch="true" condition-coverage="100% (2/2)">
									<conditions>
										<condition number="0" type="jump" coverage="100%"/>
									</conditions>
								</line>
								<line number="209" hits="24" branch="false"/>
								<line number="210" hits="24" branch="false"/>
								<line number="211" hits="24" branch="false"/>
								<line number="212" hits="24" branch="true" condition-coverage="66% (4/6)">
									<conditions>
										<condition number="0" type="jump" coverage="100%"/>
										<condition number="1" type="jump" coverage="50%"/>
										<condition number="2" type="jump" coverage="50%"/>
									</conditions>
								</line>
								<line number="213" hits="3" branch="false"/>
								<line number="216" hits="3" branch="false"/>
							</lines>
						</method>
						<method name="Generos" signature="()Ljava/util/List;" line-rate="1.0" branch-rate="1.0" complexity="0">
							<lines>
								<line number="253" hits="3" branch="false"/>
							</lines>
						</method>
						<method name="actualizarUsuario" signature="(Les/deusto/spq/ProyectoCinePlus/servidor/DATA/Usuario;)V" line-rate="0.0" branch-rate="1.0" complexity="0">
							<lines>
								<line number="237" hits="0" branch="false"/>
								<line number="238" hits="0" branch="false"/>
							</lines>
						</method>
						<method name="checkUsuario" signature="(Les/deusto/spq/ProyectoCinePlus/servidor/DATA/Usuario;)Z" line-rate="0.0" branch-rate="1.0" complexity="0">
							<lines>
								<line number="273" hits="0" branch="false"/>
							</lines>
						</method>
						<method name="devuelveUsuario" signature="(Ljava/lang/String;)Les/deusto/spq/ProyectoCinePlus/servidor/DATA/Usuario;" line-rate="1.0" branch-rate="1.0" complexity="0">
							<lines>
								<line number="227" hits="6" branch="false"/>
							</lines>
						</method>
						<method name="eliminarUsuario" signature="(Les/deusto/spq/ProyectoCinePlus/servidor/DATA/Usuario;)V" line-rate="1.0" branch-rate="1.0" complexity="0">
							<lines>
								<line number="263" hits="6" branch="false"/>
								<line number="264" hits="6" branch="false"/>
							</lines>
						</method>
						<method name="getPeliUsuario" signature="(Ljava/lang/String;)Ljava/util/List;" line-rate="1.0" branch-rate="1.0" complexity="0">
							<lines>
								<line number="165" hits="6" branch="false"/>
								<line number="166" hits="6" branch="false"/>
								<line number="168" hits="33" branch="true" condition-coverage="100% (2/2)">
									<conditions>
										<condition number="0" type="jump" coverage="100%"/>
									</conditions>
								</line>
								<line number="169" hits="27" branch="true" condition-coverage="100% (2/2)">
									<conditions>
										<condition number="0" type="jump" coverage="100%"/>
									</conditions>
								</line>
								<line number="170" hits="15" branch="false"/>
								<line number="173" hits="6" branch="false"/>
								<line number="174" hits="6" branch="false"/>
								<line number="175" hits="6" branch="false"/>
								<line number="176" hits="6" branch="false"/>
								<line number="177" hits="6" branch="false"/>
								<line number="178" hits="54" branch="true" condition-coverage="100% (2/2)">
									<conditions>
										<condition number="0" type="jump" coverage="100%"/>
									</conditions>
								</line>
								<line number="179" hits="141" branch="true" condition-coverage="100% (2/2)">
									<conditions>
										<condition number="0" type="jump" coverage="100%"/>
									</conditions>
								</line>
								<line number="180" hits="108" branch="true" condition-coverage="100% (2/2)">
									<conditions>
										<condition number="0" type="jump" coverage="100%"/>
									</conditions>
								</line>
								<line number="181" hits="15" branch="false"/>
								<line number="182" hits="15" branch="false"/>
								<line number="186" hits="6" branch="false"/>
							</lines>
						</method>
						<method name="registrarUsuario" signature="(Ljava/lang/String;Ljava/lang/String;Ljava/lang/String;Ljava/lang/String;Ljava/lang/String;Ljava/lang/String;FZ)Z" line-rate="1.0" branch-rate="1.0" complexity="0">
							<lines>
								<line number="129" hits="3" branch="false"/>
								<line number="130" hits="3" branch="false"/>
								<line number="131" hits="3" branch="false"/>
							</lines>
						</method>
						<method name="registrarUsuario" signature="(Ljava/lang/String;Ljava/lang/String;Ljava/lang/String;Ljava/lang/String;Ljava/lang/String;Ljava/lang/String;Z)Z" line-rate="1.0" branch-rate="1.0" complexity="0">
							<lines>
								<line number="108" hits="3" branch="false"/>
								<line number="109" hits="3" branch="false"/>
							</lines>
						</method>
						<method name="usuarioRegistrado" signature="(Ljava/lang/String;Ljava/lang/String;)Z" line-rate="1.0" branch-rate="1.0" complexity="0">
							<lines>
								<line number="143" hits="9" branch="false"/>
							</lines>
						</method>
					</methods>
					<lines>
						<line number="39" hits="3" branch="false"/>
						<line number="41" hits="3" branch="false"/>
						<line number="49" hits="3" branch="false"/>
						<line number="51" hits="3" branch="false"/>
						<line number="52" hits="3" branch="false"/>
						<line number="53" hits="3" branch="false"/>
						<line number="55" hits="3" branch="false"/>
						<line number="56" hits="3" branch="false"/>
						<line number="57" hits="3" branch="false"/>
						<line number="58" hits="3" branch="false"/>
						<line number="59" hits="3" branch="false"/>
						<line number="60" hits="3" branch="false"/>
						<line number="61" hits="3" branch="false"/>
						<line number="62" hits="3" branch="false"/>
						<line number="64" hits="3" branch="false"/>
						<line number="65" hits="3" branch="false"/>
						<line number="66" hits="3" branch="false"/>
						<line number="67" hits="3" branch="false"/>
						<line number="68" hits="3" branch="false"/>
						<line number="69" hits="3" branch="false"/>
						<line number="70" hits="3" branch="false"/>
						<line number="72" hits="3" branch="false"/>
						<line number="73" hits="3" branch="false"/>
						<line number="76" hits="3" branch="false"/>
						<line number="77" hits="3" branch="false"/>
						<line number="78" hits="3" branch="false"/>
						<line number="79" hits="3" branch="false"/>
						<line number="80" hits="3" branch="false"/>
						<line number="85" hits="3" branch="false"/>
						<line number="87" hits="3" branch="false"/>
						<line number="88" hits="3" branch="false"/>
						<line number="90" hits="3" branch="false"/>
						<line number="108" hits="3" branch="false"/>
						<line number="109" hits="3" branch="false"/>
						<line number="129" hits="3" branch="false"/>
						<line number="130" hits="3" branch="false"/>
						<line number="131" hits="3" branch="false"/>
						<line number="143" hits="9" branch="false"/>
						<line number="154" hits="3" branch="false"/>
						<line number="165" hits="6" branch="false"/>
						<line number="166" hits="6" branch="false"/>
						<line number="168" hits="33" branch="true" condition-coverage="100% (2/2)">
							<conditions>
								<condition number="0" type="jump" coverage="100%"/>
							</conditions>
						</line>
						<line number="169" hits="27" branch="true" condition-coverage="100% (2/2)">
							<conditions>
								<condition number="0" type="jump" coverage="100%"/>
							</conditions>
						</line>
						<line number="170" hits="15" branch="false"/>
						<line number="173" hits="6" branch="false"/>
						<line number="174" hits="6" branch="false"/>
						<line number="175" hits="6" branch="false"/>
						<line number="176" hits="6" branch="false"/>
						<line number="177" hits="6" branch="false"/>
						<line number="178" hits="54" branch="true" condition-coverage="100% (2/2)">
							<conditions>
								<condition number="0" type="jump" coverage="100%"/>
							</conditions>
						</line>
						<line number="179" hits="141" branch="true" condition-coverage="100% (2/2)">
							<conditions>
								<condition number="0" type="jump" coverage="100%"/>
							</conditions>
						</line>
						<line number="180" hits="108" branch="true" condition-coverage="100% (2/2)">
							<conditions>
								<condition number="0" type="jump" coverage="100%"/>
							</conditions>
						</line>
						<line number="181" hits="15" branch="false"/>
						<line number="182" hits="15" branch="false"/>
						<line number="186" hits="6" branch="false"/>
						<line number="200" hits="3" branch="false"/>
						<line number="202" hits="3" branch="false"/>
						<line number="203" hits="3" branch="false"/>
						<line number="204" hits="3" branch="false"/>
						<line number="205" hits="3" branch="false"/>
						<line number="206" hits="3" branch="false"/>
						<line number="207" hits="3" branch="false"/>
						<line number="208" hits="27" branch="true" condition-coverage="100% (2/2)">
							<conditions>
								<condition number="0" type="jump" coverage="100%"/>
							</conditions>
						</line>
						<line number="209" hits="24" branch="false"/>
						<line number="210" hits="24" branch="false"/>
						<line number="211" hits="24" branch="false"/>
						<line number="212" hits="24" branch="true" condition-coverage="66% (4/6)">
							<conditions>
								<condition number="0" type="jump" coverage="100%"/>
								<condition number="1" type="jump" coverage="50%"/>
								<condition number="2" type="jump" coverage="50%"/>
							</conditions>
						</line>
						<line number="213" hits="3" branch="false"/>
						<line number="216" hits="3" branch="false"/>
						<line number="227" hits="6" branch="false"/>
						<line number="237" hits="0" branch="false"/>
						<line number="238" hits="0" branch="false"/>
						<line number="245" hits="3" branch="false"/>
						<line number="253" hits="3" branch="false"/>
						<line number="263" hits="6" branch="false"/>
						<line number="264" hits="6" branch="false"/>
						<line number="273" hits="0" branch="false"/>
					</lines>
				</class>
				<class name="es.deusto.spq.ProyectoCinePlus.servidor.Conectividad.ICinePlus" filename="es/deusto/spq/ProyectoCinePlus/servidor/Conectividad/ICinePlus.java" line-rate="1.0" branch-rate="1.0" complexity="1.0">
					<methods>
					</methods>
					<lines>
					</lines>
				</class>
			</classes>
		</package>
		<package name="es.deusto.spq.ProyectoCinePlus.servidor.DAO" line-rate="0.7352941176470589" branch-rate="0.47413793103448276" complexity="3.8333333333333335">
			<classes>
				<class name="es.deusto.spq.ProyectoCinePlus.servidor.DAO.PeliculaDAO" filename="es/deusto/spq/ProyectoCinePlus/servidor/DAO/PeliculaDAO.java" line-rate="0.7261904761904762" branch-rate="0.4" complexity="3.142857142857143">
					<methods>
						<method name="&lt;clinit&gt;" signature="()V" line-rate="1.0" branch-rate="1.0" complexity="0">
							<lines>
								<line number="38" hits="3" branch="false"/>
							</lines>
						</method>
						<method name="&lt;init&gt;" signature="()V" line-rate="1.0" branch-rate="1.0" complexity="0">
							<lines>
								<line number="43" hits="6" branch="false"/>
								<line number="44" hits="6" branch="false"/>
								<line number="45" hits="6" branch="false"/>
							</lines>
						</method>
						<method name="Anyos" signature="()Ljava/util/List;" line-rate="0.8235294117647058" branch-rate="0.5" complexity="0">
							<lines>
								<line number="131" hits="3" branch="false"/>
								<line number="132" hits="3" branch="false"/>
								<line number="133" hits="3" branch="false"/>
								<line number="134" hits="3" branch="false"/>
								<line number="135" hits="3" branch="false"/>
								<line number="138" hits="3" branch="false"/>
								<line number="139" hits="3" branch="false"/>
								<line number="140" hits="3" branch="false"/>
								<line number="141" hits="3" branch="false"/>
								<line number="142" hits="3" branch="false"/>
								<line number="144" hits="0" branch="false"/>
								<line number="145" hits="0" branch="false"/>
								<line number="147" hits="3" branch="true" condition-coverage="50% (2/4)">
									<conditions>
										<condition number="0" type="jump" coverage="50%"/>
										<condition number="1" type="jump" coverage="50%"/>
									</conditions>
								</line>
								<line number="148" hits="0" branch="false"/>
								<line number="151" hits="3" branch="false"/>
								<line number="152" hits="3" branch="false"/>
								<line number="154" hits="3" branch="false"/>
							</lines>
						</method>
						<method name="Generos" signature="()Ljava/util/List;" line-rate="0.8235294117647058" branch-rate="0.5" complexity="0">
							<lines>
								<line number="164" hits="3" branch="false"/>
								<line number="165" hits="3" branch="false"/>
								<line number="166" hits="3" branch="false"/>
								<line number="167" hits="3" branch="false"/>
								<line number="168" hits="3" branch="false"/>
								<line number="171" hits="3" branch="false"/>
								<line number="172" hits="3" branch="false"/>
								<line number="173" hits="3" branch="false"/>
								<line number="174" hits="3" branch="false"/>
								<line number="175" hits="3" branch="false"/>
								<line number="177" hits="0" branch="false"/>
								<line number="178" hits="0" branch="false"/>
								<line number="180" hits="3" branch="true" condition-coverage="50% (2/4)">
									<conditions>
										<condition number="0" type="jump" coverage="50%"/>
										<condition number="1" type="jump" coverage="50%"/>
									</conditions>
								</line>
								<line number="181" hits="0" branch="false"/>
								<line number="184" hits="3" branch="false"/>
								<line number="185" hits="3" branch="false"/>
								<line number="187" hits="3" branch="false"/>
							</lines>
						</method>
						<method name="getPeliculas" signature="(Ljava/lang/String;Ljava/lang/String;Ljava/lang/String;)Ljava/util/List;" line-rate="0.8333333333333334" branch-rate="0.5" complexity="0">
							<lines>
								<line number="97" hits="9" branch="false"/>
								<line number="98" hits="9" branch="false"/>
								<line number="99" hits="9" branch="false"/>
								<line number="100" hits="9" branch="false"/>
								<line number="101" hits="9" branch="false"/>
								<line number="104" hits="9" branch="false"/>
								<line number="105" hits="9" branch="false"/>
								<line number="106" hits="9" branch="false"/>
								<line number="107" hits="9" branch="false"/>
								<line number="108" hits="9" branch="false"/>
								<line number="109" hits="9" branch="false"/>
								<line number="111" hits="0" branch="false"/>
								<line number="112" hits="0" branch="false"/>
								<line number="114" hits="9" branch="true" condition-coverage="50% (2/4)">
									<conditions>
										<condition number="0" type="jump" coverage="50%"/>
										<condition number="1" type="jump" coverage="50%"/>
									</conditions>
								</line>
								<line number="115" hits="0" branch="false"/>
								<line number="118" hits="9" branch="false"/>
								<line number="119" hits="9" branch="false"/>
								<line number="121" hits="9" branch="false"/>
							</lines>
						</method>
						<method name="storeObject" signature="(Les/deusto/spq/ProyectoCinePlus/servidor/DATA/Pelicula;)V" line-rate="0.8571428571428571" branch-rate="0.5" complexity="0">
							<lines>
								<line number="64" hits="24" branch="false"/>
								<line number="65" hits="24" branch="false"/>
								<line number="68" hits="24" branch="false"/>
								<line number="69" hits="24" branch="false"/>
								<line number="71" hits="24" branch="false"/>
								<line number="72" hits="24" branch="false"/>
								<line number="73" hits="0" branch="false"/>
								<line number="74" hits="24" branch="false"/>
								<line number="75" hits="24" branch="false"/>
								<line number="77" hits="24" branch="true" condition-coverage="50% (2/4)">
									<conditions>
										<condition number="0" type="jump" coverage="50%"/>
										<condition number="1" type="jump" coverage="50%"/>
									</conditions>
								</line>
								<line number="78" hits="0" branch="false"/>
								<line number="81" hits="24" branch="false"/>
								<line number="82" hits="24" branch="false"/>
								<line number="83" hits="24" branch="false"/>
							</lines>
						</method>
						<method name="storePelicula" signature="(Les/deusto/spq/ProyectoCinePlus/servidor/DATA/Pelicula;)V" line-rate="1.0" branch-rate="1.0" complexity="0">
							<lines>
								<line number="54" hits="24" branch="false"/>
								<line number="55" hits="24" branch="false"/>
							</lines>
						</method>
						<method name="updatePelicula" signature="(Les/deusto/spq/ProyectoCinePlus/servidor/DATA/Pelicula;)V" line-rate="0.0" branch-rate="0.0" complexity="0">
							<lines>
								<line number="195" hits="0" branch="false"/>
								<line number="196" hits="0" branch="false"/>
								<line number="199" hits="0" branch="false"/>
								<line number="200" hits="0" branch="false"/>
								<line number="201" hits="0" branch="false"/>
								<line number="202" hits="0" branch="false"/>
								<line number="203" hits="0" branch="false"/>
								<line number="205" hits="0" branch="true" condition-coverage="0% (0/4)">
									<conditions>
										<condition number="0" type="jump" coverage="0%"/>
										<condition number="1" type="jump" coverage="0%"/>
									</conditions>
								</line>
								<line number="206" hits="0" branch="false"/>
								<line number="209" hits="0" branch="false"/>
								<line number="210" hits="0" branch="false"/>
								<line number="211" hits="0" branch="false"/>
							</lines>
						</method>
					</methods>
					<lines>
						<line number="38" hits="3" branch="false"/>
						<line number="43" hits="6" branch="false"/>
						<line number="44" hits="6" branch="false"/>
						<line number="45" hits="6" branch="false"/>
						<line number="54" hits="24" branch="false"/>
						<line number="55" hits="24" branch="false"/>
						<line number="64" hits="24" branch="false"/>
						<line number="65" hits="24" branch="false"/>
						<line number="68" hits="24" branch="false"/>
						<line number="69" hits="24" branch="false"/>
						<line number="71" hits="24" branch="false"/>
						<line number="72" hits="24" branch="false"/>
						<line number="73" hits="0" branch="false"/>
						<line number="74" hits="24" branch="false"/>
						<line number="75" hits="24" branch="false"/>
						<line number="77" hits="24" branch="true" condition-coverage="50% (2/4)">
							<conditions>
								<condition number="0" type="jump" coverage="50%"/>
								<condition number="1" type="jump" coverage="50%"/>
							</conditions>
						</line>
						<line number="78" hits="0" branch="false"/>
						<line number="81" hits="24" branch="false"/>
						<line number="82" hits="24" branch="false"/>
						<line number="83" hits="24" branch="false"/>
						<line number="97" hits="9" branch="false"/>
						<line number="98" hits="9" branch="false"/>
						<line number="99" hits="9" branch="false"/>
						<line number="100" hits="9" branch="false"/>
						<line number="101" hits="9" branch="false"/>
						<line number="104" hits="9" branch="false"/>
						<line number="105" hits="9" branch="false"/>
						<line number="106" hits="9" branch="false"/>
						<line number="107" hits="9" branch="false"/>
						<line number="108" hits="9" branch="false"/>
						<line number="109" hits="9" branch="false"/>
						<line number="111" hits="0" branch="false"/>
						<line number="112" hits="0" branch="false"/>
						<line number="114" hits="9" branch="true" condition-coverage="50% (2/4)">
							<conditions>
								<condition number="0" type="jump" coverage="50%"/>
								<condition number="1" type="jump" coverage="50%"/>
							</conditions>
						</line>
						<line number="115" hits="0" branch="false"/>
						<line number="118" hits="9" branch="false"/>
						<line number="119" hits="9" branch="false"/>
						<line number="121" hits="9" branch="false"/>
						<line number="131" hits="3" branch="false"/>
						<line number="132" hits="3" branch="false"/>
						<line number="133" hits="3" branch="false"/>
						<line number="134" hits="3" branch="false"/>
						<line number="135" hits="3" branch="false"/>
						<line number="138" hits="3" branch="false"/>
						<line number="139" hits="3" branch="false"/>
						<line number="140" hits="3" branch="false"/>
						<line number="141" hits="3" branch="false"/>
						<line number="142" hits="3" branch="false"/>
						<line number="144" hits="0" branch="false"/>
						<line number="145" hits="0" branch="false"/>
						<line number="147" hits="3" branch="true" condition-coverage="50% (2/4)">
							<conditions>
								<condition number="0" type="jump" coverage="50%"/>
								<condition number="1" type="jump" coverage="50%"/>
							</conditions>
						</line>
						<line number="148" hits="0" branch="false"/>
						<line number="151" hits="3" branch="false"/>
						<line number="152" hits="3" branch="false"/>
						<line number="154" hits="3" branch="false"/>
						<line number="164" hits="3" branch="false"/>
						<line number="165" hits="3" branch="false"/>
						<line number="166" hits="3" branch="false"/>
						<line number="167" hits="3" branch="false"/>
						<line number="168" hits="3" branch="false"/>
						<line number="171" hits="3" branch="false"/>
						<line number="172" hits="3" branch="false"/>
						<line number="173" hits="3" branch="false"/>
						<line number="174" hits="3" branch="false"/>
						<line number="175" hits="3" branch="false"/>
						<line number="177" hits="0" branch="false"/>
						<line number="178" hits="0" branch="false"/>
						<line number="180" hits="3" branch="true" condition-coverage="50% (2/4)">
							<conditions>
								<condition number="0" type="jump" coverage="50%"/>
								<condition number="1" type="jump" coverage="50%"/>
							</conditions>
						</line>
						<line number="181" hits="0" branch="false"/>
						<line number="184" hits="3" branch="false"/>
						<line number="185" hits="3" branch="false"/>
						<line number="187" hits="3" branch="false"/>
						<line number="195" hits="0" branch="false"/>
						<line number="196" hits="0" branch="false"/>
						<line number="199" hits="0" branch="false"/>
						<line number="200" hits="0" branch="false"/>
						<line number="201" hits="0" branch="false"/>
						<line number="202" hits="0" branch="false"/>
						<line number="203" hits="0" branch="false"/>
						<line number="205" hits="0" branch="true" condition-coverage="0% (0/4)">
							<conditions>
								<condition number="0" type="jump" coverage="0%"/>
								<condition number="1" type="jump" coverage="0%"/>
							</conditions>
						</line>
						<line number="206" hits="0" branch="false"/>
						<line number="209" hits="0" branch="false"/>
						<line number="210" hits="0" branch="false"/>
						<line number="211" hits="0" branch="false"/>
					</lines>
				</class>
				<class name="es.deusto.spq.ProyectoCinePlus.servidor.DAO.PelisPerfilDAO" filename="es/deusto/spq/ProyectoCinePlus/servidor/DAO/PelisPerfilDAO.java" line-rate="0.8421052631578947" branch-rate="0.6428571428571429" complexity="4.166666666666667">
					<methods>
						<method name="&lt;clinit&gt;" signature="()V" line-rate="1.0" branch-rate="1.0" complexity="0">
							<lines>
								<line number="40" hits="3" branch="false"/>
							</lines>
						</method>
						<method name="&lt;init&gt;" signature="()V" line-rate="1.0" branch-rate="1.0" complexity="0">
							<lines>
								<line number="45" hits="12" branch="false"/>
								<line number="46" hits="12" branch="false"/>
								<line number="47" hits="12" branch="false"/>
							</lines>
						</method>
						<method name="checkPelis" signature="(Les/deusto/spq/ProyectoCinePlus/servidor/DATA/PelisPerfil;)Z" line-rate="0.8333333333333334" branch-rate="0.8" complexity="0">
							<lines>
								<line number="140" hits="396" branch="false"/>
								<line number="141" hits="396" branch="false"/>
								<line number="142" hits="396" branch="false"/>
								<line number="145" hits="396" branch="false"/>
								<line number="146" hits="396" branch="false"/>
								<line number="147" hits="396" branch="false"/>
								<line number="148" hits="396" branch="true" condition-coverage="100% (2/2)">
									<conditions>
										<condition number="0" type="jump" coverage="100%"/>
									</conditions>
								</line>
								<line number="149" hits="1122" branch="true" condition-coverage="100% (4/4)">
									<conditions>
										<condition number="0" type="jump" coverage="100%"/>
										<condition number="1" type="jump" coverage="100%"/>
									</conditions>
								</line>
								<line number="150" hits="117" branch="false"/>
								<line number="152" hits="1122" branch="false"/>
								<line number="153" hits="396" branch="false"/>
								<line number="154" hits="0" branch="false"/>
								<line number="155" hits="0" branch="false"/>
								<line number="157" hits="396" branch="true" condition-coverage="50% (2/4)">
									<conditions>
										<condition number="0" type="jump" coverage="50%"/>
										<condition number="1" type="jump" coverage="50%"/>
									</conditions>
								</line>
								<line number="158" hits="0" branch="false"/>
								<line number="162" hits="396" branch="false"/>
								<line number="163" hits="396" branch="false"/>
								<line number="164" hits="396" branch="false"/>
							</lines>
						</method>
						<method name="deletePelisPerfil" signature="(Les/deusto/spq/ProyectoCinePlus/servidor/DATA/PelisPerfil;)V" line-rate="0.8125" branch-rate="0.5" complexity="0">
							<lines>
								<line number="175" hits="117" branch="false"/>
								<line number="176" hits="117" branch="false"/>
								<line number="179" hits="117" branch="false"/>
								<line number="180" hits="117" branch="false"/>
								<line number="181" hits="117" branch="false"/>
								<line number="182" hits="117" branch="false"/>
								<line number="183" hits="117" branch="false"/>
								<line number="184" hits="117" branch="false"/>
								<line number="185" hits="117" branch="false"/>
								<line number="186" hits="0" branch="false"/>
								<line number="187" hits="0" branch="false"/>
								<line number="190" hits="117" branch="true" condition-coverage="50% (2/4)">
									<conditions>
										<condition number="0" type="jump" coverage="50%"/>
										<condition number="1" type="jump" coverage="50%"/>
									</conditions>
								</line>
								<line number="191" hits="0" branch="false"/>
								<line number="193" hits="117" branch="true" condition-coverage="50% (2/4)">
									<conditions>
										<condition number="0" type="jump" coverage="50%"/>
										<condition number="1" type="jump" coverage="50%"/>
									</conditions>
								</line>
								<line number="194" hits="117" branch="false"/>
								<line number="197" hits="117" branch="false"/>
							</lines>
						</method>
						<method name="getPeliUsuario" signature="(Ljava/lang/String;)Ljava/util/List;" line-rate="0.8333333333333334" branch-rate="0.5" complexity="0">
							<lines>
								<line number="107" hits="1206" branch="false"/>
								<line number="108" hits="1206" branch="false"/>
								<line number="109" hits="1206" branch="false"/>
								<line number="110" hits="1206" branch="false"/>
								<line number="111" hits="1206" branch="false"/>
								<line number="114" hits="1206" branch="false"/>
								<line number="115" hits="1206" branch="false"/>
								<line number="116" hits="1206" branch="false"/>
								<line number="117" hits="1206" branch="false"/>
								<line number="118" hits="1206" branch="false"/>
								<line number="119" hits="1206" branch="false"/>
								<line number="120" hits="0" branch="false"/>
								<line number="121" hits="0" branch="false"/>
								<line number="123" hits="1206" branch="true" condition-coverage="50% (2/4)">
									<conditions>
										<condition number="0" type="jump" coverage="50%"/>
										<condition number="1" type="jump" coverage="50%"/>
									</conditions>
								</line>
								<line number="124" hits="0" branch="false"/>
								<line number="127" hits="1206" branch="false"/>
								<line number="128" hits="1206" branch="false"/>
								<line number="130" hits="1206" branch="false"/>
							</lines>
						</method>
						<method name="storeObject" signature="(Les/deusto/spq/ProyectoCinePlus/servidor/DATA/PelisPerfil;)V" line-rate="0.7857142857142857" branch-rate="0.5" complexity="0">
							<lines>
								<line number="78" hits="117" branch="false"/>
								<line number="79" hits="117" branch="false"/>
								<line number="81" hits="117" branch="false"/>
								<line number="82" hits="117" branch="false"/>
								<line number="84" hits="117" branch="false"/>
								<line number="85" hits="117" branch="false"/>
								<line number="86" hits="117" branch="false"/>
								<line number="87" hits="0" branch="false"/>
								<line number="88" hits="0" branch="false"/>
								<line number="90" hits="117" branch="true" condition-coverage="50% (2/4)">
									<conditions>
										<condition number="0" type="jump" coverage="50%"/>
										<condition number="1" type="jump" coverage="50%"/>
									</conditions>
								</line>
								<line number="91" hits="0" branch="false"/>
								<line number="94" hits="117" branch="false"/>
								<line number="95" hits="117" branch="false"/>
								<line number="97" hits="117" branch="false"/>
							</lines>
						</method>
						<method name="storePelisPerfil" signature="(Les/deusto/spq/ProyectoCinePlus/servidor/DATA/PelisPerfil;)Z" line-rate="1.0" branch-rate="1.0" complexity="0">
							<lines>
								<line number="58" hits="123" branch="true" condition-coverage="100% (2/2)">
									<conditions>
										<condition number="0" type="jump" coverage="100%"/>
									</conditions>
								</line>
								<line number="59" hits="117" branch="false"/>
								<line number="60" hits="117" branch="false"/>
								<line number="61" hits="117" branch="false"/>
								<line number="64" hits="6" branch="false"/>
								<line number="65" hits="6" branch="false"/>
							</lines>
						</method>
					</methods>
					<lines>
						<line number="40" hits="3" branch="false"/>
						<line number="45" hits="12" branch="false"/>
						<line number="46" hits="12" branch="false"/>
						<line number="47" hits="12" branch="false"/>
						<line number="58" hits="123" branch="true" condition-coverage="100% (2/2)">
							<conditions>
								<condition number="0" type="jump" coverage="100%"/>
							</conditions>
						</line>
						<line number="59" hits="117" branch="false"/>
						<line number="60" hits="117" branch="false"/>
						<line number="61" hits="117" branch="false"/>
						<line number="64" hits="6" branch="false"/>
						<line number="65" hits="6" branch="false"/>
						<line number="78" hits="117" branch="false"/>
						<line number="79" hits="117" branch="false"/>
						<line number="81" hits="117" branch="false"/>
						<line number="82" hits="117" branch="false"/>
						<line number="84" hits="117" branch="false"/>
						<line number="85" hits="117" branch="false"/>
						<line number="86" hits="117" branch="false"/>
						<line number="87" hits="0" branch="false"/>
						<line number="88" hits="0" branch="false"/>
						<line number="90" hits="117" branch="true" condition-coverage="50% (2/4)">
							<conditions>
								<condition number="0" type="jump" coverage="50%"/>
								<condition number="1" type="jump" coverage="50%"/>
							</conditions>
						</line>
						<line number="91" hits="0" branch="false"/>
						<line number="94" hits="117" branch="false"/>
						<line number="95" hits="117" branch="false"/>
						<line number="97" hits="117" branch="false"/>
						<line number="107" hits="1206" branch="false"/>
						<line number="108" hits="1206" branch="false"/>
						<line number="109" hits="1206" branch="false"/>
						<line number="110" hits="1206" branch="false"/>
						<line number="111" hits="1206" branch="false"/>
						<line number="114" hits="1206" branch="false"/>
						<line number="115" hits="1206" branch="false"/>
						<line number="116" hits="1206" branch="false"/>
						<line number="117" hits="1206" branch="false"/>
						<line number="118" hits="1206" branch="false"/>
						<line number="119" hits="1206" branch="false"/>
						<line number="120" hits="0" branch="false"/>
						<line number="121" hits="0" branch="false"/>
						<line number="123" hits="1206" branch="true" condition-coverage="50% (2/4)">
							<conditions>
								<condition number="0" type="jump" coverage="50%"/>
								<condition number="1" type="jump" coverage="50%"/>
							</conditions>
						</line>
						<line number="124" hits="0" branch="false"/>
						<line number="127" hits="1206" branch="false"/>
						<line number="128" hits="1206" branch="false"/>
						<line number="130" hits="1206" branch="false"/>
						<line number="140" hits="396" branch="false"/>
						<line number="141" hits="396" branch="false"/>
						<line number="142" hits="396" branch="false"/>
						<line number="145" hits="396" branch="false"/>
						<line number="146" hits="396" branch="false"/>
						<line number="147" hits="396" branch="false"/>
						<line number="148" hits="396" branch="true" condition-coverage="100% (2/2)">
							<conditions>
								<condition number="0" type="jump" coverage="100%"/>
							</conditions>
						</line>
						<line number="149" hits="1122" branch="true" condition-coverage="100% (4/4)">
							<conditions>
								<condition number="0" type="jump" coverage="100%"/>
								<condition number="1" type="jump" coverage="100%"/>
							</conditions>
						</line>
						<line number="150" hits="117" branch="false"/>
						<line number="152" hits="1122" branch="false"/>
						<line number="153" hits="396" branch="false"/>
						<line number="154" hits="0" branch="false"/>
						<line number="155" hits="0" branch="false"/>
						<line number="157" hits="396" branch="true" condition-coverage="50% (2/4)">
							<conditions>
								<condition number="0" type="jump" coverage="50%"/>
								<condition number="1" type="jump" coverage="50%"/>
							</conditions>
						</line>
						<line number="158" hits="0" branch="false"/>
						<line number="162" hits="396" branch="false"/>
						<line number="163" hits="396" branch="false"/>
						<line number="164" hits="396" branch="false"/>
						<line number="175" hits="117" branch="false"/>
						<line number="176" hits="117" branch="false"/>
						<line number="179" hits="117" branch="false"/>
						<line number="180" hits="117" branch="false"/>
						<line number="181" hits="117" branch="false"/>
						<line number="182" hits="117" branch="false"/>
						<line number="183" hits="117" branch="false"/>
						<line number="184" hits="117" branch="false"/>
						<line number="185" hits="117" branch="false"/>
						<line number="186" hits="0" branch="false"/>
						<line number="187" hits="0" branch="false"/>
						<line number="190" hits="117" branch="true" condition-coverage="50% (2/4)">
							<conditions>
								<condition number="0" type="jump" coverage="50%"/>
								<condition number="1" type="jump" coverage="50%"/>
							</conditions>
						</line>
						<line number="191" hits="0" branch="false"/>
						<line number="193" hits="117" branch="true" condition-coverage="50% (2/4)">
							<conditions>
								<condition number="0" type="jump" coverage="50%"/>
								<condition number="1" type="jump" coverage="50%"/>
							</conditions>
						</line>
						<line number="194" hits="117" branch="false"/>
						<line number="197" hits="117" branch="false"/>
					</lines>
				</class>
				<class name="es.deusto.spq.ProyectoCinePlus.servidor.DAO.UsuarioDAO" filename="es/deusto/spq/ProyectoCinePlus/servidor/DAO/UsuarioDAO.java" line-rate="0.684931506849315" branch-rate="0.4264705882352941" complexity="4.090909090909091">
					<methods>
						<method name="&lt;clinit&gt;" signature="()V" line-rate="1.0" branch-rate="1.0" complexity="0">
							<lines>
								<line number="43" hits="3" branch="false"/>
							</lines>
						</method>
						<method name="&lt;init&gt;" signature="()V" line-rate="1.0" branch-rate="1.0" complexity="0">
							<lines>
								<line number="48" hits="9" branch="false"/>
								<line number="49" hits="9" branch="false"/>
								<line number="50" hits="9" branch="false"/>
							</lines>
						</method>
						<method name="checkUser" signature="(Les/deusto/spq/ProyectoCinePlus/servidor/DATA/Usuario;)Z" line-rate="0.8333333333333334" branch-rate="0.75" complexity="0">
							<lines>
								<line number="283" hits="1716" branch="false"/>
								<line number="284" hits="1716" branch="false"/>
								<line number="285" hits="1716" branch="false"/>
								<line number="288" hits="1716" branch="false"/>
								<line number="289" hits="1716" branch="false"/>
								<line number="290" hits="1716" branch="false"/>
								<line number="291" hits="1716" branch="true" condition-coverage="100% (2/2)">
									<conditions>
										<condition number="0" type="jump" coverage="100%"/>
									</conditions>
								</line>
								<line number="292" hits="8989" branch="true" condition-coverage="100% (2/2)">
									<conditions>
										<condition number="0" type="jump" coverage="100%"/>
									</conditions>
								</line>
								<line number="293" hits="455" branch="false"/>
								<line number="295" hits="8990" branch="false"/>
								<line number="296" hits="1714" branch="false"/>
								<line number="297" hits="0" branch="false"/>
								<line number="298" hits="0" branch="false"/>
								<line number="300" hits="1716" branch="true" condition-coverage="50% (2/4)">
									<conditions>
										<condition number="0" type="jump" coverage="50%"/>
										<condition number="1" type="jump" coverage="50%"/>
									</conditions>
								</line>
								<line number="301" hits="0" branch="false"/>
								<line number="304" hits="1716" branch="false"/>
								<line number="305" hits="1716" branch="false"/>
								<line number="306" hits="1716" branch="false"/>
							</lines>
						</method>
						<method name="deleteUsuario" signature="(Les/deusto/spq/ProyectoCinePlus/servidor/DATA/Usuario;)V" line-rate="0.8125" branch-rate="0.16666666666666666" complexity="0">
							<lines>
								<line number="325" hits="156" branch="false"/>
								<line number="326" hits="156" branch="false"/>
								<line number="329" hits="156" branch="false"/>
								<line number="330" hits="156" branch="false"/>
								<line number="331" hits="156" branch="false"/>
								<line number="332" hits="156" branch="false"/>
								<line number="333" hits="156" branch="false"/>
								<line number="334" hits="156" branch="false"/>
								<line number="335" hits="156" branch="false"/>
								<line number="336" hits="0" branch="false"/>
								<line number="337" hits="0" branch="false"/>
								<line number="340" hits="156" branch="true" condition-coverage="16% (2/12)">
									<conditions>
										<condition number="0" type="jump" coverage="50%"/>
										<condition number="1" type="jump" coverage="50%"/>
										<condition number="2" type="jump" coverage="0%"/>
										<condition number="3" type="jump" coverage="0%"/>
										<condition number="4" type="jump" coverage="0%"/>
										<condition number="5" type="jump" coverage="0%"/>
									</conditions>
								</line>
								<line number="341" hits="0" branch="false"/>
								<line number="343" hits="156" branch="true" condition-coverage="16% (2/12)">
									<conditions>
										<condition number="0" type="jump" coverage="50%"/>
										<condition number="1" type="jump" coverage="50%"/>
										<condition number="2" type="jump" coverage="0%"/>
										<condition number="3" type="jump" coverage="0%"/>
										<condition number="4" type="jump" coverage="0%"/>
										<condition number="5" type="jump" coverage="0%"/>
									</conditions>
								</line>
								<line number="344" hits="156" branch="false"/>
								<line number="347" hits="156" branch="false"/>
							</lines>
						</method>
						<method name="getUsuario" signature="(Ljava/lang/String;)Les/deusto/spq/ProyectoCinePlus/servidor/DATA/Usuario;" line-rate="1.0" branch-rate="0.75" complexity="0">
							<lines>
								<line number="185" hits="15" branch="false"/>
								<line number="186" hits="15" branch="false"/>
								<line number="188" hits="15" branch="false"/>
								<line number="189" hits="15" branch="false"/>
								<line number="192" hits="15" branch="false"/>
								<line number="194" hits="15" branch="false"/>
								<line number="195" hits="15" branch="false"/>
								<line number="196" hits="15" branch="false"/>
								<line number="197" hits="15" branch="false"/>
								<line number="198" hits="15" branch="false"/>
								<line number="200" hits="12" branch="false"/>
								<line number="202" hits="3" branch="false"/>
								<line number="203" hits="3" branch="false"/>
								<line number="205" hits="15" branch="true" condition-coverage="75% (3/4)">
									<conditions>
										<condition number="0" type="jump" coverage="50%"/>
										<condition number="1" type="jump" coverage="100%"/>
									</conditions>
								</line>
								<line number="206" hits="3" branch="false"/>
								<line number="209" hits="15" branch="false"/>
								<line number="210" hits="15" branch="false"/>
								<line number="212" hits="15" branch="false"/>
								<line number="214" hits="15" branch="false"/>
							</lines>
						</method>
						<method name="getUsuarios" signature="()Ljava/util/List;" line-rate="0.8333333333333334" branch-rate="0.6666666666666666" complexity="0">
							<lines>
								<line number="107" hits="3" branch="false"/>
								<line number="108" hits="3" branch="false"/>
								<line number="110" hits="3" branch="false"/>
								<line number="111" hits="3" branch="false"/>
								<line number="114" hits="3" branch="false"/>
								<line number="116" hits="3" branch="false"/>
								<line number="117" hits="3" branch="false"/>
								<line number="119" hits="3" branch="true" condition-coverage="100% (2/2)">
									<conditions>
										<condition number="0" type="jump" coverage="100%"/>
									</conditions>
								</line>
								<line number="120" hits="18" branch="false"/>
								<line number="121" hits="18" branch="false"/>
								<line number="123" hits="3" branch="false"/>
								<line number="124" hits="0" branch="false"/>
								<line number="125" hits="0" branch="false"/>
								<line number="127" hits="3" branch="true" condition-coverage="50% (2/4)">
									<conditions>
										<condition number="0" type="jump" coverage="50%"/>
										<condition number="1" type="jump" coverage="50%"/>
									</conditions>
								</line>
								<line number="128" hits="0" branch="false"/>
								<line number="131" hits="3" branch="false"/>
								<line number="132" hits="3" branch="false"/>
								<line number="134" hits="3" branch="false"/>
							</lines>
						</method>
						<method name="getUsuarios" signature="(Ljava/lang/String;)Ljava/util/List;" line-rate="0.0" branch-rate="0.0" complexity="0">
							<lines>
								<line number="147" hits="0" branch="false"/>
								<line number="148" hits="0" branch="false"/>
								<line number="150" hits="0" branch="false"/>
								<line number="151" hits="0" branch="false"/>
								<line number="154" hits="0" branch="false"/>
								<line number="156" hits="0" branch="false"/>
								<line number="157" hits="0" branch="false"/>
								<line number="158" hits="0" branch="false"/>
								<line number="160" hits="0" branch="true" condition-coverage="0% (0/2)">
									<conditions>
										<condition number="0" type="jump" coverage="0%"/>
									</conditions>
								</line>
								<line number="161" hits="0" branch="false"/>
								<line number="162" hits="0" branch="false"/>
								<line number="164" hits="0" branch="false"/>
								<line number="165" hits="0" branch="false"/>
								<line number="166" hits="0" branch="false"/>
								<line number="168" hits="0" branch="true" condition-coverage="0% (0/4)">
									<conditions>
										<condition number="0" type="jump" coverage="0%"/>
										<condition number="1" type="jump" coverage="0%"/>
									</conditions>
								</line>
								<line number="169" hits="0" branch="false"/>
								<line number="172" hits="0" branch="false"/>
								<line number="173" hits="0" branch="false"/>
								<line number="175" hits="0" branch="false"/>
							</lines>
						</method>
						<method name="loginUser" signature="(Ljava/lang/String;Ljava/lang/String;)Z" line-rate="0.8421052631578947" branch-rate="0.8" complexity="0">
							<lines>
								<line number="251" hits="15" branch="false"/>
								<line number="252" hits="15" branch="false"/>
								<line number="253" hits="15" branch="false"/>
								<line number="256" hits="15" branch="false"/>
								<line number="257" hits="15" branch="false"/>
								<line number="258" hits="15" branch="true" condition-coverage="100% (2/2)">
									<conditions>
										<condition number="0" type="jump" coverage="100%"/>
									</conditions>
								</line>
								<line number="259" hits="60" branch="true" condition-coverage="100% (4/4)">
									<conditions>
										<condition number="0" type="jump" coverage="100%"/>
										<condition number="1" type="jump" coverage="100%"/>
									</conditions>
								</line>
								<line number="260" hits="6" branch="false"/>
								<line number="261" hits="6" branch="false"/>
								<line number="262" hits="6" branch="false"/>
								<line number="264" hits="60" branch="false"/>
								<line number="265" hits="15" branch="false"/>
								<line number="266" hits="0" branch="false"/>
								<line number="267" hits="0" branch="false"/>
								<line number="269" hits="15" branch="true" condition-coverage="50% (2/4)">
									<conditions>
										<condition number="0" type="jump" coverage="50%"/>
										<condition number="1" type="jump" coverage="50%"/>
									</conditions>
								</line>
								<line number="270" hits="0" branch="false"/>
								<line number="272" hits="15" branch="false"/>
								<line number="273" hits="15" branch="false"/>
								<line number="274" hits="15" branch="false"/>
							</lines>
						</method>
						<method name="storeObject" signature="(Les/deusto/spq/ProyectoCinePlus/servidor/DATA/Usuario;)Z" line-rate="0.8" branch-rate="0.5" complexity="0">
							<lines>
								<line number="79" hits="156" branch="false"/>
								<line number="80" hits="156" branch="false"/>
								<line number="81" hits="156" branch="false"/>
								<line number="84" hits="156" branch="false"/>
								<line number="85" hits="156" branch="false"/>
								<line number="86" hits="156" branch="false"/>
								<line number="87" hits="156" branch="false"/>
								<line number="88" hits="156" branch="false"/>
								<line number="89" hits="0" branch="false"/>
								<line number="90" hits="0" branch="false"/>
								<line number="92" hits="156" branch="true" condition-coverage="50% (2/4)">
									<conditions>
										<condition number="0" type="jump" coverage="50%"/>
										<condition number="1" type="jump" coverage="50%"/>
									</conditions>
								</line>
								<line number="93" hits="0" branch="false"/>
								<line number="95" hits="156" branch="false"/>
								<line number="96" hits="156" branch="false"/>
								<line number="97" hits="156" branch="false"/>
							</lines>
						</method>
						<method name="storeUsuario" signature="(Les/deusto/spq/ProyectoCinePlus/servidor/DATA/Usuario;)Z" line-rate="1.0" branch-rate="1.0" complexity="0">
							<lines>
								<line number="60" hits="165" branch="false"/>
								<line number="61" hits="165" branch="true" condition-coverage="100% (2/2)">
									<conditions>
										<condition number="0" type="jump" coverage="100%"/>
									</conditions>
								</line>
								<line number="62" hits="156" branch="false"/>
								<line number="63" hits="156" branch="false"/>
								<line number="65" hits="9" branch="false"/>
								<line number="68" hits="165" branch="false"/>
							</lines>
						</method>
						<method name="updateUsuario" signature="(Les/deusto/spq/ProyectoCinePlus/servidor/DATA/Usuario;)V" line-rate="0.0" branch-rate="0.0" complexity="0">
							<lines>
								<line number="223" hits="0" branch="false"/>
								<line number="224" hits="0" branch="false"/>
								<line number="227" hits="0" branch="false"/>
								<line number="228" hits="0" branch="false"/>
								<line number="229" hits="0" branch="false"/>
								<line number="230" hits="0" branch="false"/>
								<line number="231" hits="0" branch="false"/>
								<line number="233" hits="0" branch="true" condition-coverage="0% (0/4)">
									<conditions>
										<condition number="0" type="jump" coverage="0%"/>
										<condition number="1" type="jump" coverage="0%"/>
									</conditions>
								</line>
								<line number="234" hits="0" branch="false"/>
								<line number="237" hits="0" branch="false"/>
								<line number="238" hits="0" branch="false"/>
								<line number="239" hits="0" branch="false"/>
							</lines>
						</method>
					</methods>
					<lines>
						<line number="43" hits="3" branch="false"/>
						<line number="48" hits="9" branch="false"/>
						<line number="49" hits="9" branch="false"/>
						<line number="50" hits="9" branch="false"/>
						<line number="60" hits="165" branch="false"/>
						<line number="61" hits="165" branch="true" condition-coverage="100% (2/2)">
							<conditions>
								<condition number="0" type="jump" coverage="100%"/>
							</conditions>
						</line>
						<line number="62" hits="156" branch="false"/>
						<line number="63" hits="156" branch="false"/>
						<line number="65" hits="9" branch="false"/>
						<line number="68" hits="165" branch="false"/>
						<line number="79" hits="156" branch="false"/>
						<line number="80" hits="156" branch="false"/>
						<line number="81" hits="156" branch="false"/>
						<line number="84" hits="156" branch="false"/>
						<line number="85" hits="156" branch="false"/>
						<line number="86" hits="156" branch="false"/>
						<line number="87" hits="156" branch="false"/>
						<line number="88" hits="156" branch="false"/>
						<line number="89" hits="0" branch="false"/>
						<line number="90" hits="0" branch="false"/>
						<line number="92" hits="156" branch="true" condition-coverage="50% (2/4)">
							<conditions>
								<condition number="0" type="jump" coverage="50%"/>
								<condition number="1" type="jump" coverage="50%"/>
							</conditions>
						</line>
						<line number="93" hits="0" branch="false"/>
						<line number="95" hits="156" branch="false"/>
						<line number="96" hits="156" branch="false"/>
						<line number="97" hits="156" branch="false"/>
						<line number="107" hits="3" branch="false"/>
						<line number="108" hits="3" branch="false"/>
						<line number="110" hits="3" branch="false"/>
						<line number="111" hits="3" branch="false"/>
						<line number="114" hits="3" branch="false"/>
						<line number="116" hits="3" branch="false"/>
						<line number="117" hits="3" branch="false"/>
						<line number="119" hits="3" branch="true" condition-coverage="100% (2/2)">
							<conditions>
								<condition number="0" type="jump" coverage="100%"/>
							</conditions>
						</line>
						<line number="120" hits="18" branch="false"/>
						<line number="121" hits="18" branch="false"/>
						<line number="123" hits="3" branch="false"/>
						<line number="124" hits="0" branch="false"/>
						<line number="125" hits="0" branch="false"/>
						<line number="127" hits="3" branch="true" condition-coverage="50% (2/4)">
							<conditions>
								<condition number="0" type="jump" coverage="50%"/>
								<condition number="1" type="jump" coverage="50%"/>
							</conditions>
						</line>
						<line number="128" hits="0" branch="false"/>
						<line number="131" hits="3" branch="false"/>
						<line number="132" hits="3" branch="false"/>
						<line number="134" hits="3" branch="false"/>
						<line number="147" hits="0" branch="false"/>
						<line number="148" hits="0" branch="false"/>
						<line number="150" hits="0" branch="false"/>
						<line number="151" hits="0" branch="false"/>
						<line number="154" hits="0" branch="false"/>
						<line number="156" hits="0" branch="false"/>
						<line number="157" hits="0" branch="false"/>
						<line number="158" hits="0" branch="false"/>
						<line number="160" hits="0" branch="true" condition-coverage="0% (0/2)">
							<conditions>
								<condition number="0" type="jump" coverage="0%"/>
							</conditions>
						</line>
						<line number="161" hits="0" branch="false"/>
						<line number="162" hits="0" branch="false"/>
						<line number="164" hits="0" branch="false"/>
						<line number="165" hits="0" branch="false"/>
						<line number="166" hits="0" branch="false"/>
						<line number="168" hits="0" branch="true" condition-coverage="0% (0/4)">
							<conditions>
								<condition number="0" type="jump" coverage="0%"/>
								<condition number="1" type="jump" coverage="0%"/>
							</conditions>
						</line>
						<line number="169" hits="0" branch="false"/>
						<line number="172" hits="0" branch="false"/>
						<line number="173" hits="0" branch="false"/>
						<line number="175" hits="0" branch="false"/>
						<line number="185" hits="15" branch="false"/>
						<line number="186" hits="15" branch="false"/>
						<line number="188" hits="15" branch="false"/>
						<line number="189" hits="15" branch="false"/>
						<line number="192" hits="15" branch="false"/>
						<line number="194" hits="15" branch="false"/>
						<line number="195" hits="15" branch="false"/>
						<line number="196" hits="15" branch="false"/>
						<line number="197" hits="15" branch="false"/>
						<line number="198" hits="15" branch="false"/>
						<line number="200" hits="12" branch="false"/>
						<line number="202" hits="3" branch="false"/>
						<line number="203" hits="3" branch="false"/>
						<line number="205" hits="15" branch="true" condition-coverage="75% (3/4)">
							<conditions>
								<condition number="0" type="jump" coverage="50%"/>
								<condition number="1" type="jump" coverage="100%"/>
							</conditions>
						</line>
						<line number="206" hits="3" branch="false"/>
						<line number="209" hits="15" branch="false"/>
						<line number="210" hits="15" branch="false"/>
						<line number="212" hits="15" branch="false"/>
						<line number="214" hits="15" branch="false"/>
						<line number="223" hits="0" branch="false"/>
						<line number="224" hits="0" branch="false"/>
						<line number="227" hits="0" branch="false"/>
						<line number="228" hits="0" branch="false"/>
						<line number="229" hits="0" branch="false"/>
						<line number="230" hits="0" branch="false"/>
						<line number="231" hits="0" branch="false"/>
						<line number="233" hits="0" branch="true" condition-coverage="0% (0/4)">
							<conditions>
								<condition number="0" type="jump" coverage="0%"/>
								<condition number="1" type="jump" coverage="0%"/>
							</conditions>
						</line>
						<line number="234" hits="0" branch="false"/>
						<line number="237" hits="0" branch="false"/>
						<line number="238" hits="0" branch="false"/>
						<line number="239" hits="0" branch="false"/>
						<line number="251" hits="15" branch="false"/>
						<line number="252" hits="15" branch="false"/>
						<line number="253" hits="15" branch="false"/>
						<line number="256" hits="15" branch="false"/>
						<line number="257" hits="15" branch="false"/>
						<line number="258" hits="15" branch="true" condition-coverage="100% (2/2)">
							<conditions>
								<condition number="0" type="jump" coverage="100%"/>
							</conditions>
						</line>
						<line number="259" hits="60" branch="true" condition-coverage="100% (4/4)">
							<conditions>
								<condition number="0" type="jump" coverage="100%"/>
								<condition number="1" type="jump" coverage="100%"/>
							</conditions>
						</line>
						<line number="260" hits="6" branch="false"/>
						<line number="261" hits="6" branch="false"/>
						<line number="262" hits="6" branch="false"/>
						<line number="264" hits="60" branch="false"/>
						<line number="265" hits="15" branch="false"/>
						<line number="266" hits="0" branch="false"/>
						<line number="267" hits="0" branch="false"/>
						<line number="269" hits="15" branch="true" condition-coverage="50% (2/4)">
							<conditions>
								<condition number="0" type="jump" coverage="50%"/>
								<condition number="1" type="jump" coverage="50%"/>
							</conditions>
						</line>
						<line number="270" hits="0" branch="false"/>
						<line number="272" hits="15" branch="false"/>
						<line number="273" hits="15" branch="false"/>
						<line number="274" hits="15" branch="false"/>
						<line number="283" hits="1716" branch="false"/>
						<line number="284" hits="1716" branch="false"/>
						<line number="285" hits="1716" branch="false"/>
						<line number="288" hits="1716" branch="false"/>
						<line number="289" hits="1716" branch="false"/>
						<line number="290" hits="1716" branch="false"/>
						<line number="291" hits="1716" branch="true" condition-coverage="100% (2/2)">
							<conditions>
								<condition number="0" type="jump" coverage="100%"/>
							</conditions>
						</line>
						<line number="292" hits="8989" branch="true" condition-coverage="100% (2/2)">
							<conditions>
								<condition number="0" type="jump" coverage="100%"/>
							</conditions>
						</line>
						<line number="293" hits="455" branch="false"/>
						<line number="295" hits="8990" branch="false"/>
						<line number="296" hits="1714" branch="false"/>
						<line number="297" hits="0" branch="false"/>
						<line number="298" hits="0" branch="false"/>
						<line number="300" hits="1716" branch="true" condition-coverage="50% (2/4)">
							<conditions>
								<condition number="0" type="jump" coverage="50%"/>
								<condition number="1" type="jump" coverage="50%"/>
							</conditions>
						</line>
						<line number="301" hits="0" branch="false"/>
						<line number="304" hits="1716" branch="false"/>
						<line number="305" hits="1716" branch="false"/>
						<line number="306" hits="1716" branch="false"/>
						<line number="325" hits="156" branch="false"/>
						<line number="326" hits="156" branch="false"/>
						<line number="329" hits="156" branch="false"/>
						<line number="330" hits="156" branch="false"/>
						<line number="331" hits="156" branch="false"/>
						<line number="332" hits="156" branch="false"/>
						<line number="333" hits="156" branch="false"/>
						<line number="334" hits="156" branch="false"/>
						<line number="335" hits="156" branch="false"/>
						<line number="336" hits="0" branch="false"/>
						<line number="337" hits="0" branch="false"/>
						<line number="340" hits="156" branch="true" condition-coverage="16% (2/12)">
							<conditions>
								<condition number="0" type="jump" coverage="50%"/>
								<condition number="1" type="jump" coverage="50%"/>
								<condition number="2" type="jump" coverage="0%"/>
								<condition number="3" type="jump" coverage="0%"/>
								<condition number="4" type="jump" coverage="0%"/>
								<condition number="5" type="jump" coverage="0%"/>
							</conditions>
						</line>
						<line number="341" hits="0" branch="false"/>
						<line number="343" hits="156" branch="true" condition-coverage="16% (2/12)">
							<conditions>
								<condition number="0" type="jump" coverage="50%"/>
								<condition number="1" type="jump" coverage="50%"/>
								<condition number="2" type="jump" coverage="0%"/>
								<condition number="3" type="jump" coverage="0%"/>
								<condition number="4" type="jump" coverage="0%"/>
								<condition number="5" type="jump" coverage="0%"/>
							</conditions>
						</line>
						<line number="344" hits="156" branch="false"/>
						<line number="347" hits="156" branch="false"/>
					</lines>
				</class>
			</classes>
		</package>
		<package name="es.deusto.spq.ProyectoCinePlus.servidor.DATA" line-rate="0.5512820512820513" branch-rate="0.9545454545454546" complexity="1.0">
			<classes>
				<class name="es.deusto.spq.ProyectoCinePlus.servidor.DATA.Pelicula" filename="es/deusto/spq/ProyectoCinePlus/servidor/DATA/Pelicula.java" line-rate="0.4857142857142857" branch-rate="1.0" complexity="1.0">
					<methods>
						<method name="copiarPelicula" signature="(Les/deusto/spq/ProyectoCinePlus/servidor/DATA/Pelicula;)V" line-rate="1.0" branch-rate="1.0" complexity="0">
							<lines>
								<line number="222" hits="3" branch="false"/>
								<line number="223" hits="3" branch="false"/>
								<line number="224" hits="3" branch="false"/>
								<line number="225" hits="3" branch="false"/>
								<line number="226" hits="3" branch="false"/>
								<line number="227" hits="3" branch="false"/>
								<line number="228" hits="3" branch="false"/>
								<line number="229" hits="3" branch="false"/>
								<line number="231" hits="3" branch="false"/>
							</lines>
						</method>
						<method name="getAnyo" signature="()I" line-rate="1.0" branch-rate="1.0" complexity="0">
							<lines>
								<line number="163" hits="33" branch="false"/>
							</lines>
						</method>
						<method name="getCategoria" signature="()Ljava/lang/String;" line-rate="1.0" branch-rate="1.0" complexity="0">
							<lines>
								<line number="177" hits="33" branch="false"/>
							</lines>
						</method>
						<method name="getDescripcion" signature="()Ljava/lang/String;" line-rate="1.0" branch-rate="1.0" complexity="0">
							<lines>
								<line number="149" hits="9" branch="false"/>
							</lines>
						</method>
						<method name="getDuracion" signature="()I" line-rate="1.0" branch-rate="1.0" complexity="0">
							<lines>
								<line number="135" hits="9" branch="false"/>
							</lines>
						</method>
						<method name="getId_pelicula" signature="()I" line-rate="1.0" branch-rate="1.0" complexity="0">
							<lines>
								<line number="107" hits="108" branch="false"/>
							</lines>
						</method>
						<method name="getNombre" signature="()Ljava/lang/String;" line-rate="1.0" branch-rate="1.0" complexity="0">
							<lines>
								<line number="121" hits="57" branch="false"/>
							</lines>
						</method>
						<method name="getPortada" signature="()Ljava/lang/String;" line-rate="0.0" branch-rate="1.0" complexity="0">
							<lines>
								<line number="207" hits="0" branch="false"/>
							</lines>
						</method>
						<method name="getPrecio" signature="()F" line-rate="1.0" branch-rate="1.0" complexity="0">
							<lines>
								<line number="191" hits="9" branch="false"/>
							</lines>
						</method>
						<method name="setAnyo" signature="(I)V" line-rate="0.0" branch-rate="1.0" complexity="0">
							<lines>
								<line number="170" hits="0" branch="false"/>
								<line number="171" hits="0" branch="false"/>
							</lines>
						</method>
						<method name="setCategoria" signature="(Ljava/lang/String;)V" line-rate="0.0" branch-rate="1.0" complexity="0">
							<lines>
								<line number="184" hits="0" branch="false"/>
								<line number="185" hits="0" branch="false"/>
							</lines>
						</method>
						<method name="setDescripcion" signature="(Ljava/lang/String;)V" line-rate="0.0" branch-rate="1.0" complexity="0">
							<lines>
								<line number="156" hits="0" branch="false"/>
								<line number="157" hits="0" branch="false"/>
							</lines>
						</method>
						<method name="setDuracion" signature="(I)V" line-rate="0.0" branch-rate="1.0" complexity="0">
							<lines>
								<line number="142" hits="0" branch="false"/>
								<line number="143" hits="0" branch="false"/>
							</lines>
						</method>
						<method name="setId_pelicula" signature="(I)V" line-rate="0.0" branch-rate="1.0" complexity="0">
							<lines>
								<line number="114" hits="0" branch="false"/>
								<line number="115" hits="0" branch="false"/>
							</lines>
						</method>
						<method name="setNombre" signature="(Ljava/lang/String;)V" line-rate="0.0" branch-rate="1.0" complexity="0">
							<lines>
								<line number="128" hits="0" branch="false"/>
								<line number="129" hits="0" branch="false"/>
							</lines>
						</method>
						<method name="setPortada" signature="(Ljava/lang/String;)V" line-rate="0.0" branch-rate="1.0" complexity="0">
							<lines>
								<line number="214" hits="0" branch="false"/>
								<line number="215" hits="0" branch="false"/>
							</lines>
						</method>
						<method name="setPrecio" signature="(F)V" line-rate="0.0" branch-rate="1.0" complexity="0">
							<lines>
								<line number="198" hits="0" branch="false"/>
								<line number="199" hits="0" branch="false"/>
							</lines>
						</method>
						<method name="toString" signature="()Ljava/lang/String;" line-rate="1.0" branch-rate="1.0" complexity="0">
							<lines>
								<line number="238" hits="27" branch="false"/>
							</lines>
						</method>
					</methods>
					<lines>
						<line number="0" hits="0" branch="true" condition-coverage="100% (27/27)">
							<conditions>
								<condition number="0" type="switch" coverage="100%"/>
								<condition number="1" type="switch" coverage="100%"/>
								<condition number="2" type="switch" coverage="100%"/>
							</conditions>
						</line>
						<line number="107" hits="108" branch="false"/>
						<line number="114" hits="0" branch="false"/>
						<line number="115" hits="0" branch="false"/>
						<line number="121" hits="57" branch="false"/>
						<line number="128" hits="0" branch="false"/>
						<line number="129" hits="0" branch="false"/>
						<line number="135" hits="9" branch="false"/>
						<line number="142" hits="0" branch="false"/>
						<line number="143" hits="0" branch="false"/>
						<line number="149" hits="9" branch="false"/>
						<line number="156" hits="0" branch="false"/>
						<line number="157" hits="0" branch="false"/>
						<line number="163" hits="33" branch="false"/>
						<line number="170" hits="0" branch="false"/>
						<line number="171" hits="0" branch="false"/>
						<line number="177" hits="33" branch="false"/>
						<line number="184" hits="0" branch="false"/>
						<line number="185" hits="0" branch="false"/>
						<line number="191" hits="9" branch="false"/>
						<line number="198" hits="0" branch="false"/>
						<line number="199" hits="0" branch="false"/>
						<line number="207" hits="0" branch="false"/>
						<line number="214" hits="0" branch="false"/>
						<line number="215" hits="0" branch="false"/>
						<line number="222" hits="3" branch="false"/>
						<line number="223" hits="3" branch="false"/>
						<line number="224" hits="3" branch="false"/>
						<line number="225" hits="3" branch="false"/>
						<line number="226" hits="3" branch="false"/>
						<line number="227" hits="3" branch="false"/>
						<line number="228" hits="3" branch="false"/>
						<line number="229" hits="3" branch="false"/>
						<line number="231" hits="3" branch="false"/>
						<line number="238" hits="27" branch="false"/>
					</lines>
				</class>
				<class name="es.deusto.spq.ProyectoCinePlus.servidor.DATA.PelisPerfil" filename="es/deusto/spq/ProyectoCinePlus/servidor/DATA/PelisPerfil.java" line-rate="0.8" branch-rate="0.7777777777777778" complexity="1.0">
					<methods>
						<method name="getEmail" signature="()Ljava/lang/String;" line-rate="1.0" branch-rate="1.0" complexity="0">
							<lines>
								<line number="53" hits="2577" branch="false"/>
							</lines>
						</method>
						<method name="getId_pelicula" signature="()I" line-rate="1.0" branch-rate="1.0" complexity="0">
							<lines>
								<line number="69" hits="606" branch="false"/>
							</lines>
						</method>
						<method name="setEmail" signature="(Ljava/lang/String;)V" line-rate="1.0" branch-rate="1.0" complexity="0">
							<lines>
								<line number="61" hits="6" branch="false"/>
								<line number="62" hits="6" branch="false"/>
							</lines>
						</method>
					</methods>
					<lines>
						<line number="0" hits="0" branch="true" condition-coverage="77% (7/9)">
							<conditions>
								<condition number="0" type="switch" coverage="66%"/>
								<condition number="1" type="switch" coverage="100%"/>
								<condition number="2" type="switch" coverage="66%"/>
							</conditions>
						</line>
						<line number="53" hits="2577" branch="false"/>
						<line number="61" hits="6" branch="false"/>
						<line number="62" hits="6" branch="false"/>
						<line number="69" hits="606" branch="false"/>
					</lines>
				</class>
				<class name="es.deusto.spq.ProyectoCinePlus.servidor.DATA.Usuario" filename="es/deusto/spq/ProyectoCinePlus/servidor/DATA/Usuario.java" line-rate="0.5789473684210527" branch-rate="0.9666666666666667" complexity="1.0">
					<methods>
						<method name="copiarUsuario" signature="(Les/deusto/spq/ProyectoCinePlus/servidor/DATA/Usuario;)V" line-rate="1.0" branch-rate="1.0" complexity="0">
							<lines>
								<line number="263" hits="21" branch="false"/>
								<line number="264" hits="18" branch="false"/>
								<line number="265" hits="18" branch="false"/>
								<line number="266" hits="18" branch="false"/>
								<line number="267" hits="18" branch="false"/>
								<line number="268" hits="18" branch="false"/>
								<line number="269" hits="18" branch="false"/>
								<line number="270" hits="18" branch="false"/>
								<line number="276" hits="18" branch="false"/>
							</lines>
						</method>
						<method name="getApellido" signature="()Ljava/lang/String;" line-rate="1.0" branch-rate="1.0" complexity="0">
							<lines>
								<line number="178" hits="12" branch="false"/>
							</lines>
						</method>
						<method name="getEmail" signature="()Ljava/lang/String;" line-rate="1.0" branch-rate="1.0" complexity="0">
							<lines>
								<line number="150" hits="18589" branch="false"/>
							</lines>
						</method>
						<method name="getNombre" signature="()Ljava/lang/String;" line-rate="1.0" branch-rate="1.0" complexity="0">
							<lines>
								<line number="164" hits="21" branch="false"/>
							</lines>
						</method>
						<method name="getPais" signature="()Ljava/lang/String;" line-rate="1.0" branch-rate="1.0" complexity="0">
							<lines>
								<line number="206" hits="9" branch="false"/>
							</lines>
						</method>
						<method name="getPassword" signature="()Ljava/lang/String;" line-rate="1.0" branch-rate="1.0" complexity="0">
							<lines>
								<line number="192" hits="18" branch="false"/>
							</lines>
						</method>
						<method name="getPeliculasList" signature="()Ljava/util/List;" line-rate="0.0" branch-rate="1.0" complexity="0">
							<lines>
								<line number="220" hits="0" branch="false"/>
							</lines>
						</method>
						<method name="getSaldo" signature="()F" line-rate="1.0" branch-rate="1.0" complexity="0">
							<lines>
								<line number="248" hits="3" branch="false"/>
							</lines>
						</method>
						<method name="getUsuario" signature="()Ljava/lang/String;" line-rate="1.0" branch-rate="1.0" complexity="0">
							<lines>
								<line number="136" hits="12" branch="false"/>
							</lines>
						</method>
						<method name="isAdmin" signature="()Z" line-rate="1.0" branch-rate="1.0" complexity="0">
							<lines>
								<line number="234" hits="12" branch="false"/>
							</lines>
						</method>
						<method name="setAdmin" signature="(Z)V" line-rate="1.0" branch-rate="1.0" complexity="0">
							<lines>
								<line number="241" hits="3" branch="false"/>
								<line number="242" hits="3" branch="false"/>
							</lines>
						</method>
						<method name="setApellido" signature="(Ljava/lang/String;)V" line-rate="0.0" branch-rate="1.0" complexity="0">
							<lines>
								<line number="185" hits="0" branch="false"/>
								<line number="186" hits="0" branch="false"/>
							</lines>
						</method>
						<method name="setEmail" signature="(Ljava/lang/String;)V" line-rate="0.0" branch-rate="1.0" complexity="0">
							<lines>
								<line number="157" hits="0" branch="false"/>
								<line number="158" hits="0" branch="false"/>
							</lines>
						</method>
						<method name="setNombre" signature="(Ljava/lang/String;)V" line-rate="0.0" branch-rate="1.0" complexity="0">
							<lines>
								<line number="171" hits="0" branch="false"/>
								<line number="172" hits="0" branch="false"/>
							</lines>
						</method>
						<method name="setPais" signature="(Ljava/lang/String;)V" line-rate="0.0" branch-rate="1.0" complexity="0">
							<lines>
								<line number="213" hits="0" branch="false"/>
								<line number="214" hits="0" branch="false"/>
							</lines>
						</method>
						<method name="setPassword" signature="(Ljava/lang/String;)V" line-rate="0.0" branch-rate="1.0" complexity="0">
							<lines>
								<line number="199" hits="0" branch="false"/>
								<line number="200" hits="0" branch="false"/>
							</lines>
						</method>
						<method name="setPeliculasList" signature="(Ljava/util/List;)V" line-rate="0.0" branch-rate="1.0" complexity="0">
							<lines>
								<line number="227" hits="0" branch="false"/>
								<line number="228" hits="0" branch="false"/>
							</lines>
						</method>
						<method name="setSaldo" signature="(F)V" line-rate="1.0" branch-rate="1.0" complexity="0">
							<lines>
								<line number="255" hits="6" branch="false"/>
								<line number="256" hits="6" branch="false"/>
							</lines>
						</method>
						<method name="setUsuario" signature="(Ljava/lang/String;)V" line-rate="0.0" branch-rate="1.0" complexity="0">
							<lines>
								<line number="143" hits="0" branch="false"/>
								<line number="144" hits="0" branch="false"/>
							</lines>
						</method>
						<method name="toString" signature="()Ljava/lang/String;" line-rate="1.0" branch-rate="1.0" complexity="0">
							<lines>
								<line number="284" hits="2049" branch="false"/>
							</lines>
						</method>
					</methods>
					<lines>
						<line number="0" hits="0" branch="true" condition-coverage="96% (29/30)">
							<conditions>
								<condition number="0" type="switch" coverage="90%"/>
								<condition number="1" type="switch" coverage="100%"/>
								<condition number="2" type="switch" coverage="100%"/>
							</conditions>
						</line>
						<line number="136" hits="12" branch="false"/>
						<line number="143" hits="0" branch="false"/>
						<line number="144" hits="0" branch="false"/>
						<line number="150" hits="18589" branch="false"/>
						<line number="157" hits="0" branch="false"/>
						<line number="158" hits="0" branch="false"/>
						<line number="164" hits="21" branch="false"/>
						<line number="171" hits="0" branch="false"/>
						<line number="172" hits="0" branch="false"/>
						<line number="178" hits="12" branch="false"/>
						<line number="185" hits="0" branch="false"/>
						<line number="186" hits="0" branch="false"/>
						<line number="192" hits="18" branch="false"/>
						<line number="199" hits="0" branch="false"/>
						<line number="200" hits="0" branch="false"/>
						<line number="206" hits="9" branch="false"/>
						<line number="213" hits="0" branch="false"/>
						<line number="214" hits="0" branch="false"/>
						<line number="220" hits="0" branch="false"/>
						<line number="227" hits="0" branch="false"/>
						<line number="228" hits="0" branch="false"/>
						<line number="234" hits="12" branch="false"/>
						<line number="241" hits="3" branch="false"/>
						<line number="242" hits="3" branch="false"/>
						<line number="248" hits="3" branch="false"/>
						<line number="255" hits="6" branch="false"/>
						<line number="256" hits="6" branch="false"/>
						<line number="263" hits="21" branch="false"/>
						<line number="264" hits="18" branch="false"/>
						<line number="265" hits="18" branch="false"/>
						<line number="266" hits="18" branch="false"/>
						<line number="267" hits="18" branch="false"/>
						<line number="268" hits="18" branch="false"/>
						<line number="269" hits="18" branch="false"/>
						<line number="270" hits="18" branch="false"/>
						<line number="276" hits="18" branch="false"/>
						<line number="284" hits="2049" branch="false"/>
					</lines>
				</class>
			</classes>
		</package>
	</packages>
</coverage>
